<?xml version="1.0" encoding="UTF-8"?>
<!-- Generated by org.testng.reporters.JUnitXMLReporter -->
<testsuite ignored="0" hostname="LAPTOP-0PHUSTBA" failures="1" tests="2" name="Test" time="24.148" errors="0" timestamp="2023-04-15T21:53:28 IST">
  <testcase classname="com.Test.Test1" name="Loginfb_verify" time="12.457">
    <failure type="java.lang.AssertionError" message="expected [Facebook � log in or sign up] but found [Facebook – log in or sign up]">
      <![CDATA[java.lang.AssertionError: expected [Facebook � log in or sign up] but found [Facebook – log in or sign up]
at com.Test.Test1.Loginfb_verify(Test1.java:26)
at java.base/java.util.ArrayList.forEach(ArrayList.java:1511)
... Removed 31 stack frames]]>
    </failure>
  </testcase> <!-- Loginfb_verify -->
  <testcase classname="com.Test.Test2" name="HomePage_verify" time="0.008"/>
</testsuite> <!-- Test -->
